Arguments: 
  /usr/local/bin/node /usr/local/Cellar/yarn/1.22.10/libexec/bin/yarn.js

PATH: 
  /Library/Frameworks/Python.framework/Versions/3.8/bin:/usr/local/bin:/usr/bin:/bin:/usr/sbin:/sbin:/Library/Apple/usr/bin

Yarn version: 
  1.22.10

Node version: 
  12.18.1

Platform: 
  darwin x64

Trace: 
  SyntaxError: /Users/shania/dev/react-express-node-nosql/api/package.json: Unexpected token } in JSON at position 505
      at JSON.parse (<anonymous>)
      at /usr/local/Cellar/yarn/1.22.10/libexec/lib/cli.js:1625:59
      at Generator.next (<anonymous>)
      at step (/usr/local/Cellar/yarn/1.22.10/libexec/lib/cli.js:310:30)
      at /usr/local/Cellar/yarn/1.22.10/libexec/lib/cli.js:321:13

npm manifest: 
  {
    "name": "charity-finder-api",
    "description": "Remove the hassle of finding charities that you're passionate about with CharityFinder",
    "version": "1.0.0",
    "main": "index.js",
    "author": "gang gang",
    "engines": {
      "node": ">=12.0.0"
    },
    "scripts": {
      "server": "node app.js",
      "dev": "nodemon  app.js",
      "start": "node dist/app.js",
      "deploy": "gcloud app deploy"
    },
    "devDependencies": {
      "concurrently": "^5.2.0",
      "nodemon": "^2.0.4",
      "prettier": "^2.0.5",
    },
    "dependencies": {
      "axios": "^0.21.0",
      "body-parser": "^1.19.0",
      "dotenv": "^8.2.0",
      "express": "^4.17.1",
      "firebase-admin": "^9.4.1",
      "morgan": "^1.10.0",
    }
  }

yarn manifest: 
  No manifest

Lockfile: 
  No lockfile
